c:\users\jhkoivis\autodet dropbox\juha koivisto\physics\projects\190828_new_camera\jsk_canon\vc\cameracontrol\debug\vc141.pdb
c:\users\jhkoivis\autodet dropbox\juha koivisto\physics\projects\190828_new_camera\jsk_canon\vc\cameracontrol\debug\vc141.idb
c:\users\jhkoivis\autodet dropbox\juha koivisto\physics\projects\190828_new_camera\jsk_canon\vc\cameracontrol\debug\cameracontrol.pch
c:\users\jhkoivis\autodet dropbox\juha koivisto\physics\projects\190828_new_camera\jsk_canon\vc\cameracontrol\debug\stdafx.obj
c:\users\jhkoivis\autodet dropbox\juha koivisto\physics\projects\190828_new_camera\jsk_canon\vc\cameracontrol\debug\actionbutton.obj
c:\users\jhkoivis\autodet dropbox\juha koivisto\physics\projects\190828_new_camera\jsk_canon\vc\cameracontrol\debug\aemode.obj
c:\users\jhkoivis\autodet dropbox\juha koivisto\physics\projects\190828_new_camera\jsk_canon\vc\cameracontrol\debug\av.obj
c:\users\jhkoivis\autodet dropbox\juha koivisto\physics\projects\190828_new_camera\jsk_canon\vc\cameracontrol\debug\cameracontrol.obj
c:\users\jhkoivis\autodet dropbox\juha koivisto\physics\projects\190828_new_camera\jsk_canon\vc\cameracontrol\debug\cameracontroldlg.obj
c:\users\jhkoivis\autodet dropbox\juha koivisto\physics\projects\190828_new_camera\jsk_canon\vc\cameracontrol\debug\evfafmode.obj
c:\users\jhkoivis\autodet dropbox\juha koivisto\physics\projects\190828_new_camera\jsk_canon\vc\cameracontrol\debug\evfpicturebox.obj
c:\users\jhkoivis\autodet dropbox\juha koivisto\physics\projects\190828_new_camera\jsk_canon\vc\cameracontrol\debug\evfzoombutton.obj
c:\users\jhkoivis\autodet dropbox\juha koivisto\physics\projects\190828_new_camera\jsk_canon\vc\cameracontrol\debug\exposurecomp.obj
c:\users\jhkoivis\autodet dropbox\juha koivisto\physics\projects\190828_new_camera\jsk_canon\vc\cameracontrol\debug\imagequality.obj
c:\users\jhkoivis\autodet dropbox\juha koivisto\physics\projects\190828_new_camera\jsk_canon\vc\cameracontrol\debug\iso.obj
c:\users\jhkoivis\autodet dropbox\juha koivisto\physics\projects\190828_new_camera\jsk_canon\vc\cameracontrol\debug\meteringmode.obj
c:\users\jhkoivis\autodet dropbox\juha koivisto\physics\projects\190828_new_camera\jsk_canon\vc\cameracontrol\debug\propertycombobox.obj
c:\users\jhkoivis\autodet dropbox\juha koivisto\physics\projects\190828_new_camera\jsk_canon\vc\cameracontrol\debug\tv.obj
c:\users\jhkoivis\autodet dropbox\juha koivisto\physics\projects\190828_new_camera\jsk_canon\vc\cameracontrol\debug\cameracontrol.ilk
c:\users\jhkoivis\autodet dropbox\juha koivisto\physics\projects\190828_new_camera\jsk_canon\vc\cameracontrol\debug\cameracontrol.exe
c:\users\jhkoivis\autodet dropbox\juha koivisto\physics\projects\190828_new_camera\jsk_canon\vc\cameracontrol\debug\cameracontrol.pdb
c:\users\jhkoivis\autodet dropbox\juha koivisto\physics\projects\190828_new_camera\jsk_canon\vc\cameracontrol\debug\cameracontrol.res
c:\users\jhkoivis\autodet dropbox\juha koivisto\physics\projects\190828_new_camera\jsk_canon\vc\cameracontrol\debug\cameracontrol.tlog\cl.command.1.tlog
c:\users\jhkoivis\autodet dropbox\juha koivisto\physics\projects\190828_new_camera\jsk_canon\vc\cameracontrol\debug\cameracontrol.tlog\cl.read.1.tlog
c:\users\jhkoivis\autodet dropbox\juha koivisto\physics\projects\190828_new_camera\jsk_canon\vc\cameracontrol\debug\cameracontrol.tlog\cl.write.1.tlog
c:\users\jhkoivis\autodet dropbox\juha koivisto\physics\projects\190828_new_camera\jsk_canon\vc\cameracontrol\debug\cameracontrol.tlog\link.command.1.tlog
c:\users\jhkoivis\autodet dropbox\juha koivisto\physics\projects\190828_new_camera\jsk_canon\vc\cameracontrol\debug\cameracontrol.tlog\link.read.1.tlog
c:\users\jhkoivis\autodet dropbox\juha koivisto\physics\projects\190828_new_camera\jsk_canon\vc\cameracontrol\debug\cameracontrol.tlog\link.write.1.tlog
c:\users\jhkoivis\autodet dropbox\juha koivisto\physics\projects\190828_new_camera\jsk_canon\vc\cameracontrol\debug\cameracontrol.tlog\rc.command.1.tlog
c:\users\jhkoivis\autodet dropbox\juha koivisto\physics\projects\190828_new_camera\jsk_canon\vc\cameracontrol\debug\cameracontrol.tlog\rc.read.1.tlog
c:\users\jhkoivis\autodet dropbox\juha koivisto\physics\projects\190828_new_camera\jsk_canon\vc\cameracontrol\debug\cameracontrol.tlog\rc.write.1.tlog
